<?xml version="1.0" encoding="UTF-8"?>
<!-- Generated by org.testng.reporters.JUnitReportReporter -->
<testsuite hostname="DESKTOP-99TBH59" failures="0" tests="1" name="driverFactory.AppTest" time="3.009" errors="0" timestamp="2024-12-04T12:18:01 IST" skipped="0">
  <testcase classname="driverFactory.AppTest" name="startTest" time="3.009"/>
  <system-out/>
</testsuite> <!-- driverFactory.AppTest -->
